#
# There is insufficient memory for the Java Runtime Environment to continue.
# Native memory allocation (malloc) failed to allocate 1048576 bytes for AllocateHeap
# Possible reasons:
#   The system is out of physical RAM or swap space
#   In 32 bit mode, the process size limit was hit
# Possible solutions:
#   Reduce memory load on the system
#   Increase physical memory or swap space
#   Check if swap backing store is full
#   Use 64 bit Java on a 64 bit OS
#   Decrease Java heap size (-Xmx/-Xms)
#   Decrease number of Java threads
#   Decrease Java thread stack sizes (-Xss)
#   Set larger code cache with -XX:ReservedCodeCacheSize=
# This output file may be truncated or incomplete.
#
#  Out of Memory Error (memory/allocation.inline.hpp:61), pid=9348, tid=0x0000000000003f28
#
# JRE version:  (8.0_181-b13) (build )
# Java VM: Java HotSpot(TM) 64-Bit Server VM (25.181-b13 mixed mode windows-amd64 compressed oops)
# Failed to write core dump. Minidumps are not enabled by default on client versions of Windows
#

---------------  T H R E A D  ---------------

Current thread (0x00000000030fe800):  JavaThread "Unknown thread" [_thread_in_vm, id=16168, stack(0x0000000002ff0000,0x00000000030f0000)]

Stack: [0x0000000002ff0000,0x00000000030f0000]
[error occurred during error reporting (printing stack bounds), id 0xc0000005]

Native frames: (J=compiled Java code, j=interpreted, Vv=VM code, C=native code)


---------------  P R O C E S S  ---------------

Java Threads: ( => current thread )

Other Threads:

=>0x00000000030fe800 (exited) JavaThread "Unknown thread" [_thread_in_vm, id=16168, stack(0x0000000002ff0000,0x00000000030f0000)]

VM state:not at safepoint (normal execution)

VM Mutex/Monitor currently owned by a thread: None

Heap:
 PSYoungGen      total 37888K, used 655K [0x00000000d6000000, 0x00000000d8a00000, 0x0000000100000000)
  eden space 32768K, 2% used [0x00000000d6000000,0x00000000d60a3d80,0x00000000d8000000)
  from space 5120K, 0% used [0x00000000d8500000,0x00000000d8500000,0x00000000d8a00000)
  to   space 5120K, 0% used [0x00000000d8000000,0x00000000d8000000,0x00000000d8500000)
 ParOldGen       total 86016K, used 0K [0x0000000082000000, 0x0000000087400000, 0x00000000d6000000)
  object space 86016K, 0% used [0x0000000082000000,0x0000000082000000,0x0000000087400000)
 Metaspace       used 775K, capacity 4480K, committed 4480K, reserved 1056768K
  class space    used 76K, capacity 384K, committed 384K, reserved 1048576K

Card table byte_map: [0x00000000125c0000,0x00000000129c0000] byte_map_base: 0x00000000121b0000

Marking Bits: (ParMarkBitMap*) 0x000000005f022d00
 Begin Bits: [0x0000000013060000, 0x0000000014fe0000)
 End Bits:   [0x0000000014fe0000, 0x0000000016f60000)

Polling page: 0x0000000000fd0000

CodeCache: size=245760Kb used=328Kb max_used=328Kb free=245431Kb
 bounds [0x0000000003200000, 0x0000000003470000, 0x0000000012200000]
 total_blobs=58 nmethods=0 adapters=38
 compilation: enabled

Compilation events (0 events):
No events

GC Heap History (0 events):
No events

Deoptimization events (0 events):
No events

Classes redefined (0 events):
No events

Internal exceptions (0 events):
No events

Events (10 events):
Event: 0.022 loading class java/lang/Short
Event: 0.022 loading class java/lang/Short done
Event: 0.022 loading class java/lang/Integer
Event: 0.022 loading class java/lang/Integer done
Event: 0.022 loading class java/lang/Long
Event: 0.022 loading class java/lang/Long done
Event: 0.023 loading class java/lang/NullPointerException
Event: 0.023 loading class java/lang/NullPointerException done
Event: 0.023 loading class java/lang/ArithmeticException
Event: 0.023 loading class java/lang/ArithmeticException done


Dynamic libraries:
0x00007ff7cde30000 - 0x00007ff7cde67000 	C:\Program Files\Java\jdk1.8.0_181\bin\java.exe
0x00007ffd69f90000 - 0x00007ffd6a171000 	C:\WINDOWS\SYSTEM32\ntdll.dll
0x00007ffd68bf0000 - 0x00007ffd68ca2000 	C:\WINDOWS\System32\KERNEL32.DLL
0x00007ffd669c0000 - 0x00007ffd66c33000 	C:\WINDOWS\System32\KERNELBASE.dll
0x00007ffd68ad0000 - 0x00007ffd68b71000 	C:\WINDOWS\System32\ADVAPI32.dll
0x00007ffd674e0000 - 0x00007ffd6757e000 	C:\WINDOWS\System32\msvcrt.dll
0x00007ffd67420000 - 0x00007ffd6747b000 	C:\WINDOWS\System32\sechost.dll
0x00007ffd69460000 - 0x00007ffd69584000 	C:\WINDOWS\System32\RPCRT4.dll
0x00007ffd68fe0000 - 0x00007ffd69170000 	C:\WINDOWS\System32\USER32.dll
0x00007ffd66800000 - 0x00007ffd66820000 	C:\WINDOWS\System32\win32u.dll
0x00007ffd68f30000 - 0x00007ffd68f58000 	C:\WINDOWS\System32\GDI32.dll
0x00007ffd66820000 - 0x00007ffd669b2000 	C:\WINDOWS\System32\gdi32full.dll
0x00007ffd66760000 - 0x00007ffd667ff000 	C:\WINDOWS\System32\msvcp_win.dll
0x00007ffd66360000 - 0x00007ffd6645a000 	C:\WINDOWS\System32\ucrtbase.dll
0x00007ffd571b0000 - 0x00007ffd57419000 	C:\WINDOWS\WinSxS\amd64_microsoft.windows.common-controls_6595b64144ccf1df_6.0.17134.228_none_fb4599993062b194\COMCTL32.dll
0x00007ffd699e0000 - 0x00007ffd69d03000 	C:\WINDOWS\System32\combase.dll
0x00007ffd66c40000 - 0x00007ffd66cba000 	C:\WINDOWS\System32\bcryptPrimitives.dll
0x00007ffd68a30000 - 0x00007ffd68a5d000 	C:\WINDOWS\System32\IMM32.DLL
0x000000005f0b0000 - 0x000000005f182000 	C:\Program Files\Java\jdk1.8.0_181\jre\bin\msvcr100.dll
0x000000005e800000 - 0x000000005f0a2000 	C:\Program Files\Java\jdk1.8.0_181\jre\bin\server\jvm.dll
0x00007ffd68a20000 - 0x00007ffd68a28000 	C:\WINDOWS\System32\PSAPI.DLL
0x00007ffd64c90000 - 0x00007ffd64c99000 	C:\WINDOWS\SYSTEM32\WSOCK32.dll
0x00007ffd68a60000 - 0x00007ffd68acc000 	C:\WINDOWS\System32\WS2_32.dll
0x00007ffd63fc0000 - 0x00007ffd63fe3000 	C:\WINDOWS\SYSTEM32\WINMM.dll
0x00007ffd64c80000 - 0x00007ffd64c8a000 	C:\WINDOWS\SYSTEM32\VERSION.dll
0x00007ffd63f90000 - 0x00007ffd63fba000 	C:\WINDOWS\SYSTEM32\WINMMBASE.dll
0x00007ffd673d0000 - 0x00007ffd67419000 	C:\WINDOWS\System32\cfgmgr32.dll
0x000000005e7f0000 - 0x000000005e7ff000 	C:\Program Files\Java\jdk1.8.0_181\jre\bin\verify.dll
0x000000005e7c0000 - 0x000000005e7e9000 	C:\Program Files\Java\jdk1.8.0_181\jre\bin\java.dll
0x000000005e7a0000 - 0x000000005e7b6000 	C:\Program Files\Java\jdk1.8.0_181\jre\bin\zip.dll

VM Arguments:
java_command: <unknown>
java_class_path (initial): .;C:\Program Files\Java\jdk1.8.0_181\lib\dt.jar;C:\Program Files\Java\jdk1.8.0_181\lib\tools.jar
Launcher Type: SUN_STANDARD

Environment Variables:
JAVA_HOME=C:\Program Files\Java\jdk1.8.0_181
CLASSPATH=.;C:\Program Files\Java\jdk1.8.0_181\lib\dt.jar;C:\Program Files\Java\jdk1.8.0_181\lib\tools.jar
PATH=c:\program files (x86)\microsoft visual studio\2017\enterprise\common7\ide\commonextensions\microsoft\teamfoundation\team explorer\NativeBinaries\x86;C:\Program Files (x86)\Common Files\Oracle\Java\javapath;C:\WINDOWS\system32;C:\WINDOWS;C:\WINDOWS\System32\Wbem;C:\WINDOWS\System32\WindowsPowerShell\v1.0\;C:\Program Files\Java\jdk1.8.0_181\bin;C:\WINDOWS\system32\config\systemprofile\.dnx\bin;C:\Program Files\Microsoft DNX\Dnvm\;C:\Program Files\Microsoft SQL Server\120\Tools\Binn\;C:\Program Files\Microsoft SQL Server\130\Tools\Binn\;C:\Program Files (x86)\Microsoft Emulator Manager\1.0\;C:\Program Files (x86)\nodejs\;C:\Program Files\Git\cmd;C:\Program Files\dotnet\;C:\WINDOWS\System32\OpenSSH\;C:\Program Files (x86)\Android\android-sdk\platform-tools;C:\Users\fionaxu\AppData\Local\Microsoft\WindowsApps;
USERNAME=fionaxu
OS=Windows_NT
PROCESSOR_IDENTIFIER=Intel64 Family 6 Model 60 Stepping 3, GenuineIntel



---------------  S Y S T E M  ---------------

OS: Windows 10.0 , 64 bit Build 17134 (10.0.17134.1)

CPU:total 4 (initial active 4) (4 cores per cpu, 1 threads per core) family 6 model 60 stepping 3, cmov, cx8, fxsr, mmx, sse, sse2, sse3, ssse3, sse4.1, sse4.2, popcnt, avx, avx2, aes, clmul, erms, lzcnt, tsc, tscinvbit, bmi1, bmi2

Memory: 4k page, physical 8257344k(1193904k free), swap 13686472k(5864k free)

vm_info: Java HotSpot(TM) 64-Bit Server VM (25.181-b13) for windows-amd64 JRE (1.8.0_181-b13), built on Jul  7 2018 04:01:33 by "java_re" with MS VC++ 10.0 (VS2010)

time: Mon Sep 03 19:56:42 2018
elapsed time: 0 seconds (0d 0h 0m 0s)

