#
# There is insufficient memory for the Java Runtime Environment to continue.
# Native memory allocation (malloc) failed to allocate 1306720 bytes for Chunk::new
# Possible reasons:
#   The system is out of physical RAM or swap space
#   In 32 bit mode, the process size limit was hit
# Possible solutions:
#   Reduce memory load on the system
#   Increase physical memory or swap space
#   Check if swap backing store is full
#   Use 64 bit Java on a 64 bit OS
#   Decrease Java heap size (-Xmx/-Xms)
#   Decrease number of Java threads
#   Decrease Java thread stack sizes (-Xss)
#   Set larger code cache with -XX:ReservedCodeCacheSize=
# This output file may be truncated or incomplete.
#
#  Out of Memory Error (allocation.cpp:390), pid=17524, tid=0x0000000000001afc
#
# JRE version: Java(TM) SE Runtime Environment (8.0_181-b13) (build 1.8.0_181-b13)
# Java VM: Java HotSpot(TM) 64-Bit Server VM (25.181-b13 mixed mode windows-amd64 compressed oops)
# Failed to write core dump. Minidumps are not enabled by default on client versions of Windows
#

---------------  T H R E A D  ---------------

Current thread (0x0000000015017000):  JavaThread "C2 CompilerThread0" daemon [_thread_in_native, id=6908, stack(0x0000000016910000,0x0000000016a10000)]

Stack: [0x0000000016910000,0x0000000016a10000]
[error occurred during error reporting (printing stack bounds), id 0xc0000005]

Native frames: (J=compiled Java code, j=interpreted, Vv=VM code, C=native code)


Current CompileTask:
C2:  12944 2957       4       java.util.TimSort::sort (229 bytes)


---------------  P R O C E S S  ---------------

Java Threads: ( => current thread )
  0x00000000163b2000 JavaThread "Service Thread" daemon [_thread_blocked, id=16396, stack(0x0000000016c10000,0x0000000016d10000)]
  0x000000001632e000 JavaThread "C1 CompilerThread2" daemon [_thread_blocked, id=20772, stack(0x0000000016b10000,0x0000000016c10000)]
  0x0000000015019800 JavaThread "C2 CompilerThread1" daemon [_thread_in_native, id=7128, stack(0x0000000016a10000,0x0000000016b10000)]
=>0x0000000015017000 JavaThread "C2 CompilerThread0" daemon [_thread_in_native, id=6908, stack(0x0000000016910000,0x0000000016a10000)]
  0x00000000028ed800 JavaThread "Attach Listener" daemon [_thread_blocked, id=18636, stack(0x0000000016810000,0x0000000016910000)]
  0x0000000016320800 JavaThread "Signal Dispatcher" daemon [_thread_blocked, id=16496, stack(0x0000000016710000,0x0000000016810000)]
  0x00000000028e9000 JavaThread "Finalizer" daemon [_thread_blocked, id=19544, stack(0x0000000016210000,0x0000000016310000)]
  0x00000000028e3000 JavaThread "Reference Handler" daemon [_thread_blocked, id=15648, stack(0x0000000016110000,0x0000000016210000)]
  0x00000000027f2800 JavaThread "main" [_thread_in_Java, id=9568, stack(0x00000000026e0000,0x00000000027e0000)]

Other Threads:
  0x0000000014f87000 VMThread [stack: 0x0000000016010000,0x0000000016110000] [id=17628]
  0x00000000163d6000 WatcherThread [stack: 0x0000000016d10000,0x0000000016e10000] [id=20488]

VM state:not at safepoint (normal execution)

VM Mutex/Monitor currently owned by a thread: None

Heap:
 PSYoungGen      total 232960K, used 74083K [0x00000000eab00000, 0x0000000100000000, 0x0000000100000000)
  eden space 116736K, 32% used [0x00000000eab00000,0x00000000ecf9f7b0,0x00000000f1d00000)
  from space 116224K, 31% used [0x00000000f8e80000,0x00000000fb239480,0x0000000100000000)
  to   space 116224K, 0% used [0x00000000f1d00000,0x00000000f1d00000,0x00000000f8e80000)
 ParOldGen       total 517120K, used 302450K [0x00000000c0000000, 0x00000000df900000, 0x00000000eab00000)
  object space 517120K, 58% used [0x00000000c0000000,0x00000000d275cbe0,0x00000000df900000)
 Metaspace       used 7285K, capacity 7768K, committed 7936K, reserved 1056768K
  class space    used 669K, capacity 720K, committed 768K, reserved 1048576K

Card table byte_map: [0x0000000011cb0000,0x0000000011ec0000] byte_map_base: 0x00000000116b0000

Marking Bits: (ParMarkBitMap*) 0x000000005f022d00
 Begin Bits: [0x0000000012420000, 0x0000000013420000)
 End Bits:   [0x0000000013420000, 0x0000000014420000)

Polling page: 0x00000000004f0000

CodeCache: size=245760Kb used=12913Kb max_used=12913Kb free=232846Kb
 bounds [0x00000000028f0000, 0x00000000035a0000, 0x00000000118f0000]
 total_blobs=3081 nmethods=2806 adapters=187
 compilation: enabled

Compilation events (10 events):
Event: 11.846 Thread 0x0000000015019800 nmethod 3159% 0x0000000003529e10 code [0x0000000003529fa0, 0x000000000352a4b8]
Event: 11.846 Thread 0x0000000015019800 3165 %     4       com.android.dx.dex.code.DalvInsnList::makeImmutable @ 18 (51 bytes)
Event: 11.848 Thread 0x000000001632e000 3191       2       com.android.dx.dex.code.form.Form22t::compatibleRegs (48 bytes)
Event: 11.849 Thread 0x000000001632e000 nmethod 3191 0x0000000003523d90 code [0x0000000003523f40, 0x00000000035242c8]
Event: 11.850 Thread 0x000000001632e000 3194       2       com.android.dx.dex.code.form.Form20t::branchFits (22 bytes)
Event: 11.850 Thread 0x000000001632e000 nmethod 3194 0x00000000035236d0 code [0x0000000003523860, 0x0000000003523b78]
Event: 11.851 Thread 0x000000001632e000 3195       3       com.android.dx.dex.code.OutputFinisher::align64bits (247 bytes)
Event: 11.851 Thread 0x0000000015019800 nmethod 3165% 0x0000000003521710 code [0x0000000003521880, 0x0000000003521d98]
Event: 11.851 Thread 0x0000000015019800 3167 %     4       com.android.dx.dex.code.LocalList::make @ 16 (102 bytes)
Event: 11.852 Thread 0x000000001632e000 nmethod 3195 0x000000000352c790 code [0x000000000352ca40, 0x000000000352e178]

GC Heap History (10 events):
Event: 7.584 GC heap before
{Heap before GC invocations=15 (full 2):
 PSYoungGen      total 240640K, used 233855K [0x00000000eab00000, 0x0000000100000000, 0x0000000100000000)
  eden space 153600K, 100% used [0x00000000eab00000,0x00000000f4100000,0x00000000f4100000)
  from space 87040K, 92% used [0x00000000fab00000,0x00000000ff95fe40,0x0000000100000000)
  to   space 97792K, 0% used [0x00000000f4100000,0x00000000f4100000,0x00000000fa080000)
 ParOldGen       total 297984K, used 170041K [0x00000000c0000000, 0x00000000d2300000, 0x00000000eab00000)
  object space 297984K, 57% used [0x00000000c0000000,0x00000000ca60e680,0x00000000d2300000)
 Metaspace       used 6858K, capacity 7384K, committed 7680K, reserved 1056768K
  class space    used 647K, capacity 656K, committed 768K, reserved 1048576K
Event: 7.642 GC heap after
Heap after GC invocations=15 (full 2):
 PSYoungGen      total 251392K, used 97788K [0x00000000eab00000, 0x0000000100000000, 0x0000000100000000)
  eden space 153600K, 0% used [0x00000000eab00000,0x00000000eab00000,0x00000000f4100000)
  from space 97792K, 99% used [0x00000000f4100000,0x00000000fa07f3a8,0x00000000fa080000)
  to   space 97792K, 0% used [0x00000000fa080000,0x00000000fa080000,0x0000000100000000)
 ParOldGen       total 297984K, used 173313K [0x00000000c0000000, 0x00000000d2300000, 0x00000000eab00000)
  object space 297984K, 58% used [0x00000000c0000000,0x00000000ca940780,0x00000000d2300000)
 Metaspace       used 6858K, capacity 7384K, committed 7680K, reserved 1056768K
  class space    used 647K, capacity 656K, committed 768K, reserved 1048576K
}
Event: 7.893 GC heap before
{Heap before GC invocations=16 (full 2):
 PSYoungGen      total 251392K, used 251388K [0x00000000eab00000, 0x0000000100000000, 0x0000000100000000)
  eden space 153600K, 100% used [0x00000000eab00000,0x00000000f4100000,0x00000000f4100000)
  from space 97792K, 99% used [0x00000000f4100000,0x00000000fa07f3a8,0x00000000fa080000)
  to   space 97792K, 0% used [0x00000000fa080000,0x00000000fa080000,0x0000000100000000)
 ParOldGen       total 297984K, used 173313K [0x00000000c0000000, 0x00000000d2300000, 0x00000000eab00000)
  object space 297984K, 58% used [0x00000000c0000000,0x00000000ca940780,0x00000000d2300000)
 Metaspace       used 6861K, capacity 7384K, committed 7680K, reserved 1056768K
  class space    used 647K, capacity 656K, committed 768K, reserved 1048576K
Event: 7.967 GC heap after
Heap after GC invocations=16 (full 2):
 PSYoungGen      total 214528K, used 95644K [0x00000000eab00000, 0x0000000100000000, 0x0000000100000000)
  eden space 116736K, 0% used [0x00000000eab00000,0x00000000eab00000,0x00000000f1d00000)
  from space 97792K, 97% used [0x00000000fa080000,0x00000000ffde7140,0x0000000100000000)
  to   space 116224K, 0% used [0x00000000f1d00000,0x00000000f1d00000,0x00000000f8e80000)
 ParOldGen       total 297984K, used 198805K [0x00000000c0000000, 0x00000000d2300000, 0x00000000eab00000)
  object space 297984K, 66% used [0x00000000c0000000,0x00000000cc225730,0x00000000d2300000)
 Metaspace       used 6861K, capacity 7384K, committed 7680K, reserved 1056768K
  class space    used 647K, capacity 656K, committed 768K, reserved 1048576K
}
Event: 8.182 GC heap before
{Heap before GC invocations=17 (full 2):
 PSYoungGen      total 214528K, used 212380K [0x00000000eab00000, 0x0000000100000000, 0x0000000100000000)
  eden space 116736K, 100% used [0x00000000eab00000,0x00000000f1d00000,0x00000000f1d00000)
  from space 97792K, 97% used [0x00000000fa080000,0x00000000ffde7140,0x0000000100000000)
  to   space 116224K, 0% used [0x00000000f1d00000,0x00000000f1d00000,0x00000000f8e80000)
 ParOldGen       total 297984K, used 198805K [0x00000000c0000000, 0x00000000d2300000, 0x00000000eab00000)
  object space 297984K, 66% used [0x00000000c0000000,0x00000000cc225730,0x00000000d2300000)
 Metaspace       used 6864K, capacity 7384K, committed 7680K, reserved 1056768K
  class space    used 648K, capacity 656K, committed 768K, reserved 1048576K
Event: 8.255 GC heap after
Heap after GC invocations=17 (full 2):
 PSYoungGen      total 232960K, used 61855K [0x00000000eab00000, 0x0000000100000000, 0x0000000100000000)
  eden space 116736K, 0% used [0x00000000eab00000,0x00000000eab00000,0x00000000f1d00000)
  from space 116224K, 53% used [0x00000000f1d00000,0x00000000f5967dd0,0x00000000f8e80000)
  to   space 116224K, 0% used [0x00000000f8e80000,0x00000000f8e80000,0x0000000100000000)
 ParOldGen       total 297984K, used 250186K [0x00000000c0000000, 0x00000000d2300000, 0x00000000eab00000)
  object space 297984K, 83% used [0x00000000c0000000,0x00000000cf4529b8,0x00000000d2300000)
 Metaspace       used 6864K, capacity 7384K, committed 7680K, reserved 1056768K
  class space    used 648K, capacity 656K, committed 768K, reserved 1048576K
}
Event: 8.255 GC heap before
{Heap before GC invocations=18 (full 3):
 PSYoungGen      total 232960K, used 61855K [0x00000000eab00000, 0x0000000100000000, 0x0000000100000000)
  eden space 116736K, 0% used [0x00000000eab00000,0x00000000eab00000,0x00000000f1d00000)
  from space 116224K, 53% used [0x00000000f1d00000,0x00000000f5967dd0,0x00000000f8e80000)
  to   space 116224K, 0% used [0x00000000f8e80000,0x00000000f8e80000,0x0000000100000000)
 ParOldGen       total 297984K, used 250186K [0x00000000c0000000, 0x00000000d2300000, 0x00000000eab00000)
  object space 297984K, 83% used [0x00000000c0000000,0x00000000cf4529b8,0x00000000d2300000)
 Metaspace       used 6864K, capacity 7384K, committed 7680K, reserved 1056768K
  class space    used 648K, capacity 656K, committed 768K, reserved 1048576K
Event: 9.128 GC heap after
Heap after GC invocations=18 (full 3):
 PSYoungGen      total 232960K, used 12058K [0x00000000eab00000, 0x0000000100000000, 0x0000000100000000)
  eden space 116736K, 0% used [0x00000000eab00000,0x00000000eab00000,0x00000000f1d00000)
  from space 116224K, 10% used [0x00000000f1d00000,0x00000000f28c6a08,0x00000000f8e80000)
  to   space 116224K, 0% used [0x00000000f8e80000,0x00000000f8e80000,0x0000000100000000)
 ParOldGen       total 297984K, used 297651K [0x00000000c0000000, 0x00000000d2300000, 0x00000000eab00000)
  object space 297984K, 99% used [0x00000000c0000000,0x00000000d22ace20,0x00000000d2300000)
 Metaspace       used 6864K, capacity 7384K, committed 7680K, reserved 1056768K
  class space    used 648K, capacity 656K, committed 768K, reserved 1048576K
}
Event: 9.428 GC heap before
{Heap before GC invocations=19 (full 4):
 PSYoungGen      total 232960K, used 128794K [0x00000000eab00000, 0x0000000100000000, 0x0000000100000000)
  eden space 116736K, 100% used [0x00000000eab00000,0x00000000f1d00000,0x00000000f1d00000)
  from space 116224K, 10% used [0x00000000f1d00000,0x00000000f28c6a08,0x00000000f8e80000)
  to   space 116224K, 0% used [0x00000000f8e80000,0x00000000f8e80000,0x0000000100000000)
 ParOldGen       total 297984K, used 297651K [0x00000000c0000000, 0x00000000d2300000, 0x00000000eab00000)
  object space 297984K, 99% used [0x00000000c0000000,0x00000000d22ace20,0x00000000d2300000)
 Metaspace       used 6969K, capacity 7480K, committed 7680K, reserved 1056768K
  class space    used 654K, capacity 688K, committed 768K, reserved 1048576K
Event: 11.248 GC heap after
Heap after GC invocations=19 (full 4):
 PSYoungGen      total 232960K, used 25279K [0x00000000eab00000, 0x0000000100000000, 0x0000000100000000)
  eden space 116736K, 21% used [0x00000000eab00000,0x00000000ec3afdc8,0x00000000f1d00000)
  from space 116224K, 0% used [0x00000000f1d00000,0x00000000f1d00000,0x00000000f8e80000)
  to   space 116224K, 0% used [0x00000000f8e80000,0x00000000f8e80000,0x0000000100000000)
 ParOldGen       total 517120K, used 297970K [0x00000000c0000000, 0x00000000df900000, 0x00000000eab00000)
  object space 517120K, 57% used [0x00000000c0000000,0x00000000d22fcbe0,0x00000000df900000)
 Metaspace       used 6969K, capacity 7480K, committed 7680K, reserved 1056768K
  class space    used 654K, capacity 688K, committed 768K, reserved 1048576K
}

Deoptimization events (10 events):
Event: 11.705 Thread 0x00000000027f2800 Uncommon trap: reason=speculate_class_check action=maybe_recompile pc=0x0000000002c0ea74 method=com.android.dx.util.FixedSizeList.equals(Ljava/lang/Object;)Z @ 25
Event: 11.709 Thread 0x00000000027f2800 Uncommon trap: reason=unstable_if action=reinterpret pc=0x0000000002f502e8 method=java.util.TreeMap.put(Ljava/lang/Object;Ljava/lang/Object;)Ljava/lang/Object; @ 163
Event: 11.727 Thread 0x00000000027f2800 Uncommon trap: reason=unstable_if action=reinterpret pc=0x0000000002d5b080 method=com.android.dx.dex.code.OutputFinisher.findOpcodeForInsn(Lcom/android/dx/dex/code/DalvInsn;Lcom/android/dx/dex/code/Dop;)Lcom/android/dx/dex/code/Dop; @ 1
Event: 11.745 Thread 0x00000000027f2800 Uncommon trap: reason=predicate action=maybe_recompile pc=0x00000000032adf38 method=java.util.ComparableTimSort.binarySort([Ljava/lang/Object;III)V @ 37
Event: 11.760 Thread 0x00000000027f2800 Uncommon trap: reason=array_check action=maybe_recompile pc=0x000000000324f8d0 method=java.util.ComparableTimSort.binarySort([Ljava/lang/Object;III)V @ 215
Event: 11.797 Thread 0x00000000027f2800 Uncommon trap: reason=array_check action=maybe_recompile pc=0x000000000324f994 method=java.util.ComparableTimSort.binarySort([Ljava/lang/Object;III)V @ 193
Event: 11.799 Thread 0x00000000027f2800 Uncommon trap: reason=array_check action=maybe_recompile pc=0x000000000324f994 method=java.util.ComparableTimSort.binarySort([Ljava/lang/Object;III)V @ 193
Event: 11.816 Thread 0x00000000027f2800 Uncommon trap: reason=array_check action=maybe_recompile pc=0x000000000324f994 method=java.util.ComparableTimSort.binarySort([Ljava/lang/Object;III)V @ 193
Event: 11.838 Thread 0x00000000027f2800 Uncommon trap: reason=unstable_if action=reinterpret pc=0x0000000003258538 method=com.android.dx.rop.code.RegisterSpec.matchesVariable(Lcom/android/dx/rop/code/RegisterSpec;)Z @ 59
Event: 11.849 Thread 0x00000000027f2800 Uncommon trap: reason=unstable_if action=reinterpret pc=0x0000000003515b54 method=com.android.dx.dex.code.OutputFinisher.align64bits([Lcom/android/dx/dex/code/Dop;)V @ 205

Classes redefined (0 events):
No events

Internal exceptions (7 events):
Event: 0.023 Thread 0x00000000027f2800 Exception <a 'java/lang/NoSuchMethodError': Method sun.misc.Unsafe.defineClass(Ljava/lang/String;[BII)Ljava/lang/Class; name or signature does not match> (0x00000000eab07cb0) thrown at [C:\re\workspace\8-2-build-windows-amd64-cygwin\jdk8u181\11358\hotspot
Event: 0.023 Thread 0x00000000027f2800 Exception <a 'java/lang/NoSuchMethodError': Method sun.misc.Unsafe.prefetchRead(Ljava/lang/Object;J)V name or signature does not match> (0x00000000eab07f98) thrown at [C:\re\workspace\8-2-build-windows-amd64-cygwin\jdk8u181\11358\hotspot\src\share\vm\prim
Event: 1.360 Thread 0x00000000165a8800 Exception <a 'java/lang/ArrayIndexOutOfBoundsException': 18> (0x00000000f08d0398) thrown at [C:\re\workspace\8-2-build-windows-amd64-cygwin\jdk8u181\11358\hotspot\src\share\vm\interpreter\interpreterRuntime.cpp, line 366]
Event: 1.360 Thread 0x00000000165a8800 Exception <a 'java/lang/ArrayIndexOutOfBoundsException'> (0x00000000f08d1f18) thrown at [C:\re\workspace\8-2-build-windows-amd64-cygwin\jdk8u181\11358\hotspot\src\share\vm\runtime\sharedRuntime.cpp, line 605]
Event: 1.362 Thread 0x00000000165a8800 Exception <a 'java/lang/ArrayIndexOutOfBoundsException'> (0x00000000f08d3200) thrown at [C:\re\workspace\8-2-build-windows-amd64-cygwin\jdk8u181\11358\hotspot\src\share\vm\runtime\sharedRuntime.cpp, line 605]
Event: 1.483 Thread 0x00000000027f2800 Implicit null exception at 0x0000000002bc9622 to 0x0000000002bc971a
Event: 2.156 Thread 0x00000000165a8800 Implicit null exception at 0x000000000322d58c to 0x00000000032306b5

Events (10 events):
Event: 11.848 Thread 0x00000000027f2800 DEOPT UNPACKING pc=0x0000000002937890 sp=0x00000000027dee90 mode 0
Event: 11.849 Thread 0x00000000027f2800 Uncommon trap: trap_request=0xffffff65 fr.pc=0x0000000003515b54
Event: 11.849 Thread 0x00000000027f2800 DEOPT PACKING pc=0x0000000003515b54 sp=0x00000000027df080
Event: 11.849 Thread 0x00000000027f2800 DEOPT UNPACKING pc=0x000000000293583b sp=0x00000000027deff0 mode 2
Event: 11.851 Thread 0x00000000027f2800 DEOPT PACKING pc=0x000000000310ea42 sp=0x00000000027df000
Event: 11.851 Thread 0x00000000027f2800 DEOPT UNPACKING pc=0x0000000002937890 sp=0x00000000027dedb8 mode 0
Event: 11.853 Thread 0x00000000027f2800 DEOPT PACKING pc=0x0000000002d59ae1 sp=0x00000000027df140
Event: 11.853 Thread 0x00000000027f2800 DEOPT UNPACKING pc=0x0000000002937890 sp=0x00000000027dee90 mode 0
Event: 11.854 Thread 0x00000000027f2800 DEOPT PACKING pc=0x000000000352df89 sp=0x00000000027df040
Event: 11.854 Thread 0x00000000027f2800 DEOPT UNPACKING pc=0x0000000002937890 sp=0x00000000027ded70 mode 0


Dynamic libraries:
0x00007ff7cde30000 - 0x00007ff7cde67000 	C:\Program Files\Java\jdk1.8.0_181\bin\java.exe
0x00007ffd69f90000 - 0x00007ffd6a171000 	C:\WINDOWS\SYSTEM32\ntdll.dll
0x00007ffd68bf0000 - 0x00007ffd68ca2000 	C:\WINDOWS\System32\KERNEL32.DLL
0x00007ffd669c0000 - 0x00007ffd66c33000 	C:\WINDOWS\System32\KERNELBASE.dll
0x00007ffd68ad0000 - 0x00007ffd68b71000 	C:\WINDOWS\System32\ADVAPI32.dll
0x00007ffd674e0000 - 0x00007ffd6757e000 	C:\WINDOWS\System32\msvcrt.dll
0x00007ffd67420000 - 0x00007ffd6747b000 	C:\WINDOWS\System32\sechost.dll
0x00007ffd69460000 - 0x00007ffd69584000 	C:\WINDOWS\System32\RPCRT4.dll
0x00007ffd68fe0000 - 0x00007ffd69170000 	C:\WINDOWS\System32\USER32.dll
0x00007ffd66800000 - 0x00007ffd66820000 	C:\WINDOWS\System32\win32u.dll
0x00007ffd68f30000 - 0x00007ffd68f58000 	C:\WINDOWS\System32\GDI32.dll
0x00007ffd66820000 - 0x00007ffd669b2000 	C:\WINDOWS\System32\gdi32full.dll
0x00007ffd66760000 - 0x00007ffd667ff000 	C:\WINDOWS\System32\msvcp_win.dll
0x00007ffd66360000 - 0x00007ffd6645a000 	C:\WINDOWS\System32\ucrtbase.dll
0x00007ffd571b0000 - 0x00007ffd57419000 	C:\WINDOWS\WinSxS\amd64_microsoft.windows.common-controls_6595b64144ccf1df_6.0.17134.228_none_fb4599993062b194\COMCTL32.dll
0x00007ffd699e0000 - 0x00007ffd69d03000 	C:\WINDOWS\System32\combase.dll
0x00007ffd66c40000 - 0x00007ffd66cba000 	C:\WINDOWS\System32\bcryptPrimitives.dll
0x00007ffd68a30000 - 0x00007ffd68a5d000 	C:\WINDOWS\System32\IMM32.DLL
0x000000005f0b0000 - 0x000000005f182000 	C:\Program Files\Java\jdk1.8.0_181\jre\bin\msvcr100.dll
0x000000005e800000 - 0x000000005f0a2000 	C:\Program Files\Java\jdk1.8.0_181\jre\bin\server\jvm.dll
0x00007ffd68a20000 - 0x00007ffd68a28000 	C:\WINDOWS\System32\PSAPI.DLL
0x00007ffd64c90000 - 0x00007ffd64c99000 	C:\WINDOWS\SYSTEM32\WSOCK32.dll
0x00007ffd64c80000 - 0x00007ffd64c8a000 	C:\WINDOWS\SYSTEM32\VERSION.dll
0x00007ffd63fc0000 - 0x00007ffd63fe3000 	C:\WINDOWS\SYSTEM32\WINMM.dll
0x00007ffd68a60000 - 0x00007ffd68acc000 	C:\WINDOWS\System32\WS2_32.dll
0x00007ffd63f90000 - 0x00007ffd63fba000 	C:\WINDOWS\SYSTEM32\winmmbase.dll
0x00007ffd673d0000 - 0x00007ffd67419000 	C:\WINDOWS\System32\cfgmgr32.dll
0x000000005e7f0000 - 0x000000005e7ff000 	C:\Program Files\Java\jdk1.8.0_181\jre\bin\verify.dll
0x000000005e7c0000 - 0x000000005e7e9000 	C:\Program Files\Java\jdk1.8.0_181\jre\bin\java.dll
0x000000005e7a0000 - 0x000000005e7b6000 	C:\Program Files\Java\jdk1.8.0_181\jre\bin\zip.dll
0x00007ffd675e0000 - 0x00007ffd68a20000 	C:\WINDOWS\System32\SHELL32.dll
0x00007ffd69310000 - 0x00007ffd693b9000 	C:\WINDOWS\System32\shcore.dll
0x00007ffd66cc0000 - 0x00007ffd673cd000 	C:\WINDOWS\System32\windows.storage.dll
0x00007ffd67580000 - 0x00007ffd675d1000 	C:\WINDOWS\System32\shlwapi.dll
0x00007ffd662d0000 - 0x00007ffd662e1000 	C:\WINDOWS\System32\kernel.appcore.dll
0x00007ffd662f0000 - 0x00007ffd6630f000 	C:\WINDOWS\System32\profapi.dll
0x00007ffd66310000 - 0x00007ffd6635c000 	C:\WINDOWS\System32\powrprof.dll
0x00007ffd662c0000 - 0x00007ffd662ca000 	C:\WINDOWS\System32\FLTLIB.DLL

VM Arguments:
jvm_args: -Xmx1G 
java_command: C:\Users\fionaxu\AppData\Local\Android\Sdk\build-tools\27.0.3\\lib\dx.jar --dex --no-strict --output obj\Debug\MonoAndroid71\android\bin C:\Users\fionaxu\source\repos\uapp\Droid\obj\Debug\MonoAndroid71\android\bin\classes.zip C:\Program Files (x86)\Microsoft Visual Studio\2017\Enterprise\Common7\IDE\ReferenceAssemblies\Microsoft\Framework\MonoAndroid\v7.1\mono.android.jar obj\\Debug\MonoAndroid71\lp\3\jl\formsviewgroup.jar obj\\Debug\MonoAndroid71\lp\6\jl\jcore-android-1.2.3.jar obj\\Debug\MonoAndroid71\lp\6\jl\jpush-android-3.1.5.jar obj\\Debug\MonoAndroid71\lp\67\jl\bin\classes.jar obj\\Debug\MonoAndroid71\lp\69\jl\bin\classes.jar obj\\Debug\MonoAndroid71\lp\70\jl\bin\classes.jar obj\\Debug\MonoAndroid71\lp\71\jl\bin\classes.jar obj\\Debug\MonoAndroid71\lp\72\jl\bin\classes.jar obj\\Debug\MonoAndroid71\lp\73\jl\bin\classes.jar obj\\Debug\MonoAndroid71\lp\74\jl\bin\classes.jar obj\\Debug\MonoAndroid71\lp\75\jl\bin\classes.jar obj\\Debug\MonoAndroid71\lp\76\jl\bin\classes.jar obj\\Debug\MonoAndroid71\lp\77\jl\bin\classes.jar obj\\Debug\MonoAndroid71\lp\78\jl\bin\classes.jar obj\\Debug\MonoAndroid71\lp\79\jl\bin\classes.jar obj\\Debug\MonoAndroid71\lp\80\jl\bin\classes.jar obj\\Debug\MonoAndroid71\lp\81\jl\bin\classes.jar obj\\Debug\MonoAndroid71\lp\82\jl\bin\classes.jar obj\\Debug\MonoAndroid71\lp\83\jl\bin\classes.jar
java_class_path (initial): C:\Users\fionaxu\AppData\Local\Android\Sdk\build-tools\27.0.3\\lib\dx.jar
Launcher Type: SUN_STANDARD

Environment Variables:
JAVA_HOME=C:\Program Files\Java\jdk1.8.0_181
CLASSPATH=.;C:\Program Files\Java\jdk1.8.0_181\lib\dt.jar;C:\Program Files\Java\jdk1.8.0_181\lib\tools.jar
PATH=c:\program files (x86)\microsoft visual studio\2017\enterprise\common7\ide\commonextensions\microsoft\teamfoundation\team explorer\NativeBinaries\x86;C:\Program Files (x86)\Common Files\Oracle\Java\javapath;C:\WINDOWS\system32;C:\WINDOWS;C:\WINDOWS\System32\Wbem;C:\WINDOWS\System32\WindowsPowerShell\v1.0\;C:\Program Files\Java\jdk1.8.0_181\bin;C:\WINDOWS\system32\config\systemprofile\.dnx\bin;C:\Program Files\Microsoft DNX\Dnvm\;C:\Program Files\Microsoft SQL Server\120\Tools\Binn\;C:\Program Files\Microsoft SQL Server\130\Tools\Binn\;C:\Program Files (x86)\Microsoft Emulator Manager\1.0\;C:\Program Files (x86)\nodejs\;C:\Program Files\Git\cmd;C:\Program Files\dotnet\;C:\WINDOWS\System32\OpenSSH\;C:\Program Files (x86)\Android\android-sdk\platform-tools;C:\Users\fionaxu\AppData\Local\Microsoft\WindowsApps;
USERNAME=fionaxu
OS=Windows_NT
PROCESSOR_IDENTIFIER=Intel64 Family 6 Model 60 Stepping 3, GenuineIntel



---------------  S Y S T E M  ---------------

OS: Windows 10.0 , 64 bit Build 17134 (10.0.17134.1)

CPU:total 4 (initial active 4) (4 cores per cpu, 1 threads per core) family 6 model 60 stepping 3, cmov, cx8, fxsr, mmx, sse, sse2, sse3, ssse3, sse4.1, sse4.2, popcnt, avx, avx2, aes, clmul, erms, lzcnt, tsc, tscinvbit, bmi1, bmi2

Memory: 4k page, physical 8257344k(907680k free), swap 13996456k(2532k free)

vm_info: Java HotSpot(TM) 64-Bit Server VM (25.181-b13) for windows-amd64 JRE (1.8.0_181-b13), built on Jul  7 2018 04:01:33 by "java_re" with MS VC++ 10.0 (VS2010)

time: Mon Sep 03 20:01:45 2018
elapsed time: 12 seconds (0d 0h 0m 12s)

