#
# There is insufficient memory for the Java Runtime Environment to continue.
# Native memory allocation (malloc) failed to allocate 4092 bytes for AllocateHeap
# Possible reasons:
#   The system is out of physical RAM or swap space
#   In 32 bit mode, the process size limit was hit
# Possible solutions:
#   Reduce memory load on the system
#   Increase physical memory or swap space
#   Check if swap backing store is full
#   Use 64 bit Java on a 64 bit OS
#   Decrease Java heap size (-Xmx/-Xms)
#   Decrease number of Java threads
#   Decrease Java thread stack sizes (-Xss)
#   Set larger code cache with -XX:ReservedCodeCacheSize=
# This output file may be truncated or incomplete.
#
#  Out of Memory Error (memory/allocation.inline.hpp:61), pid=56484, tid=0x0002224c
#
# JRE version: Java(TM) SE Runtime Environment (8.0_112-b15) (build 1.8.0_112-b15)
# Java VM: Java HotSpot(TM) Client VM (25.112-b15 mixed mode windows-x86 )
# Failed to write core dump. Minidumps are not enabled by default on client versions of Windows
#

---------------  T H R E A D  ---------------

Current thread (0x02faec00):  VMThread [stack: 0x45a70000,0x45ac0000] [id=139852]

Stack: [0x45a70000,0x45ac0000],  sp=0x45abf030,  free space=316k
Native frames: (J=compiled Java code, j=interpreted, Vv=VM code, C=native code)
V  [jvm.dll+0x1aa21b]
V  [jvm.dll+0x1a2a28]
V  [jvm.dll+0x947bd]
V  [jvm.dll+0x178af]
V  [jvm.dll+0xc02a5]
V  [jvm.dll+0x1b57d1]
V  [jvm.dll+0x1b59cc]
V  [jvm.dll+0x158e8a]
V  [jvm.dll+0x17a52f]
V  [jvm.dll+0x17905a]
V  [jvm.dll+0x982f0]
V  [jvm.dll+0x99601]
V  [jvm.dll+0x9b3d0]
V  [jvm.dll+0x9b839]
V  [jvm.dll+0x9a5cf]
V  [jvm.dll+0xa6872]
V  [jvm.dll+0x991d3]
V  [jvm.dll+0x931b5]
V  [jvm.dll+0x1b8bf6]
V  [jvm.dll+0x182f5b]
V  [jvm.dll+0x182371]
V  [jvm.dll+0x182787]
V  [jvm.dll+0x182982]
V  [jvm.dll+0x1c2986]
C  [msvcr100.dll+0x5c556]
C  [msvcr100.dll+0x5c600]
C  [KERNEL32.DLL+0x20179]
C  [ntdll.dll+0x6662d]
C  [ntdll.dll+0x665fd]

VM_Operation (0x4603ea40): GenCollectForAllocation, mode: safepoint, requested by thread 0x45a20c00


---------------  P R O C E S S  ---------------

Java Threads: ( => current thread )
  0x45a1c000 JavaThread "pool-2-thread-1" [_thread_blocked, id=86312, stack(0x46080000,0x460d0000)]
  0x45a20c00 JavaThread "pool-1-thread-1" [_thread_blocked, id=47844, stack(0x45ff0000,0x46040000)]
  0x458f4400 JavaThread "Service Thread" daemon [_thread_blocked, id=105804, stack(0x45ed0000,0x45f20000)]
  0x458cb000 JavaThread "C1 CompilerThread0" daemon [_thread_blocked, id=61708, stack(0x45e40000,0x45e90000)]
  0x458ca000 JavaThread "Attach Listener" daemon [_thread_blocked, id=132852, stack(0x45db0000,0x45e00000)]
  0x458a8000 JavaThread "Signal Dispatcher" daemon [_thread_blocked, id=60696, stack(0x45d20000,0x45d70000)]
  0x4588b000 JavaThread "Finalizer" daemon [_thread_blocked, id=228236, stack(0x45b90000,0x45be0000)]
  0x45875400 JavaThread "Reference Handler" daemon [_thread_blocked, id=72548, stack(0x45b00000,0x45b50000)]
  0x009dd400 JavaThread "main" [_thread_blocked, id=64124, stack(0x02df0000,0x02e40000)]

Other Threads:
=>0x02faec00 VMThread [stack: 0x45a70000,0x45ac0000] [id=139852]
  0x45951400 WatcherThread [stack: 0x45f60000,0x45fb0000] [id=205096]

VM state:at safepoint (normal execution)

VM Mutex/Monitor currently owned by a thread:  ([mutex/lock_event])
[0x009dc6b0] Threads_lock - owner thread: 0x02faec00
[0x009dc718] Heap_lock - owner thread: 0x45a20c00

Heap:
 def new generation   total 77888K, used 8640K [0x05200000, 0x0a680000, 0x1a750000)
  eden space 69248K,   0% used [0x05200000, 0x05200000, 0x095a0000)
  from space 8640K, 100% used [0x09e10000, 0x0a680000, 0x0a680000)
  to   space 8640K,   0% used [0x095a0000, 0x095a0000, 0x09e10000)
 tenured generation   total 181324K, used 181304K [0x1a750000, 0x25863000, 0x45200000)
   the space 181324K,  99% used [0x1a750000, 0x2585e1f0, 0x2585e200, 0x25863000)
 Metaspace       used 3642K, capacity 3662K, committed 3776K, reserved 4480K

Card table byte_map: [0x45200000,0x45410000] byte_map_base: 0x451d7000

Polling page: 0x009c0000

CodeCache: size=32768Kb used=3293Kb max_used=3293Kb free=29474Kb
 bounds [0x02fb0000, 0x032e8000, 0x04fb0000]
 total_blobs=1684 nmethods=1535 adapters=79
 compilation: enabled

Compilation events (10 events):
Event: 3.737 Thread 0x458cb000 1534             java.nio.DirectLongBufferU::put (18 bytes)
Event: 3.737 Thread 0x458cb000 nmethod 1534 0x032e5088 code [0x032e5180, 0x032e5240]
Event: 4.241 Thread 0x458cb000 1535   !         java.util.concurrent.ArrayBlockingQueue::offer (55 bytes)
Event: 4.241 Thread 0x458cb000 nmethod 1535 0x032e5308 code [0x032e5450, 0x032e5658]
Event: 4.241 Thread 0x458cb000 1536             java.util.concurrent.ArrayBlockingQueue::checkNotNull (13 bytes)
Event: 4.241 Thread 0x458cb000 nmethod 1536 0x032e5948 code [0x032e5a50, 0x032e5b2c]
Event: 4.242 Thread 0x458cb000 1537   !         com.android.dx.dex.cf.AttributeTranslator::getClassAnnotations (135 bytes)
Event: 4.243 Thread 0x458cb000 nmethod 1537 0x032e5bc8 code [0x032e5dd0, 0x032e6624]
Event: 4.243 Thread 0x458cb000 1538             com.android.dx.dex.cf.AttributeTranslator::translateEnclosingMethod (50 bytes)
Event: 4.243 Thread 0x458cb000 nmethod 1538 0x032e6e88 code [0x032e7010, 0x032e7360]

GC Heap History (10 events):
Event: 2.970 GC heap after
Heap after GC invocations=47 (full 5):
 def new generation   total 72256K, used 7999K [0x05200000, 0x0a060000, 0x1a750000)
  eden space 64256K,   0% used [0x05200000, 0x05200000, 0x090c0000)
  from space 8000K,  99% used [0x09890000, 0x0a05fff8, 0x0a060000)
  to   space 8000K,   0% used [0x090c0000, 0x090c0000, 0x09890000)
 tenured generation   total 160460K, used 136497K [0x1a750000, 0x24403000, 0x45200000)
   the space 160460K,  85% used [0x1a750000, 0x22c9c6b8, 0x22c9c800, 0x24403000)
 Metaspace       used 3624K, capacity 3630K, committed 3648K, reserved 4480K
}
Event: 3.063 GC heap before
{Heap before GC invocations=47 (full 5):
 def new generation   total 72256K, used 72255K [0x05200000, 0x0a060000, 0x1a750000)
  eden space 64256K, 100% used [0x05200000, 0x090c0000, 0x090c0000)
  from space 8000K,  99% used [0x09890000, 0x0a05fff8, 0x0a060000)
  to   space 8000K,   0% used [0x090c0000, 0x090c0000, 0x09890000)
 tenured generation   total 160460K, used 136497K [0x1a750000, 0x24403000, 0x45200000)
   the space 160460K,  85% used [0x1a750000, 0x22c9c6b8, 0x22c9c800, 0x24403000)
 Metaspace       used 3624K, capacity 3630K, committed 3648K, reserved 4480K
Event: 3.099 GC heap after
Heap after GC invocations=48 (full 5):
 def new generation   total 72256K, used 8000K [0x05200000, 0x0a060000, 0x1a750000)
  eden space 64256K,   0% used [0x05200000, 0x05200000, 0x090c0000)
  from space 8000K, 100% used [0x090c0000, 0x09890000, 0x09890000)
  to   space 8000K,   0% used [0x09890000, 0x09890000, 0x0a060000)
 tenured generation   total 160460K, used 146907K [0x1a750000, 0x24403000, 0x45200000)
   the space 160460K,  91% used [0x1a750000, 0x236c6e90, 0x236c7000, 0x24403000)
 Metaspace       used 3624K, capacity 3630K, committed 3648K, reserved 4480K
}
Event: 3.188 GC heap before
{Heap before GC invocations=48 (full 5):
 def new generation   total 72256K, used 72256K [0x05200000, 0x0a060000, 0x1a750000)
  eden space 64256K, 100% used [0x05200000, 0x090c0000, 0x090c0000)
  from space 8000K, 100% used [0x090c0000, 0x09890000, 0x09890000)
  to   space 8000K,   0% used [0x09890000, 0x09890000, 0x0a060000)
 tenured generation   total 160460K, used 146907K [0x1a750000, 0x24403000, 0x45200000)
   the space 160460K,  91% used [0x1a750000, 0x236c6e90, 0x236c7000, 0x24403000)
 Metaspace       used 3642K, capacity 3662K, committed 3776K, reserved 4480K
Event: 3.220 GC heap after
Heap after GC invocations=49 (full 5):
 def new generation   total 72256K, used 8000K [0x05200000, 0x0a060000, 0x1a750000)
  eden space 64256K,   0% used [0x05200000, 0x05200000, 0x090c0000)
  from space 8000K, 100% used [0x09890000, 0x0a060000, 0x0a060000)
  to   space 8000K,   0% used [0x090c0000, 0x090c0000, 0x09890000)
 tenured generation   total 160460K, used 154781K [0x1a750000, 0x24403000, 0x45200000)
   the space 160460K,  96% used [0x1a750000, 0x23e77598, 0x23e77600, 0x24403000)
 Metaspace       used 3642K, capacity 3662K, committed 3776K, reserved 4480K
}
Event: 3.327 GC heap before
{Heap before GC invocations=49 (full 5):
 def new generation   total 72256K, used 72256K [0x05200000, 0x0a060000, 0x1a750000)
  eden space 64256K, 100% used [0x05200000, 0x090c0000, 0x090c0000)
  from space 8000K, 100% used [0x09890000, 0x0a060000, 0x0a060000)
  to   space 8000K,   0% used [0x090c0000, 0x090c0000, 0x09890000)
 tenured generation   total 160460K, used 154781K [0x1a750000, 0x24403000, 0x45200000)
   the space 160460K,  96% used [0x1a750000, 0x23e77598, 0x23e77600, 0x24403000)
 Metaspace       used 3642K, capacity 3662K, committed 3776K, reserved 4480K
Event: 3.646 GC heap after
Heap after GC invocations=50 (full 6):
 def new generation   total 74304K, used 7868K [0x05200000, 0x0a290000, 0x1a750000)
  eden space 66112K,  11% used [0x05200000, 0x059af200, 0x09290000)
  from space 8192K,   0% used [0x09290000, 0x09290000, 0x09a90000)
  to   space 8192K,   0% used [0x09a90000, 0x09a90000, 0x0a290000)
 tenured generation   total 164940K, used 164936K [0x1a750000, 0x24863000, 0x45200000)
   the space 164940K,  99% used [0x1a750000, 0x24862308, 0x24862400, 0x24863000)
 Metaspace       used 3642K, capacity 3662K, committed 3776K, reserved 4480K
}
Event: 3.764 GC heap before
{Heap before GC invocations=50 (full 6):
 def new generation   total 74304K, used 66112K [0x05200000, 0x0a290000, 0x1a750000)
  eden space 66112K, 100% used [0x05200000, 0x09290000, 0x09290000)
  from space 8192K,   0% used [0x09290000, 0x09290000, 0x09a90000)
  to   space 8192K,   0% used [0x09a90000, 0x09a90000, 0x0a290000)
 tenured generation   total 164940K, used 164936K [0x1a750000, 0x24863000, 0x45200000)
   the space 164940K,  99% used [0x1a750000, 0x24862308, 0x24862400, 0x24863000)
 Metaspace       used 3642K, capacity 3662K, committed 3776K, reserved 4480K
Event: 4.162 GC heap after
Heap after GC invocations=51 (full 7):
 def new generation   total 77888K, used 8014K [0x05200000, 0x0a680000, 0x1a750000)
  eden space 69248K,  11% used [0x05200000, 0x059d38b0, 0x095a0000)
  from space 8640K,   0% used [0x095a0000, 0x095a0000, 0x09e10000)
  to   space 8640K,   0% used [0x09e10000, 0x09e10000, 0x0a680000)
 tenured generation   total 173004K, used 173004K [0x1a750000, 0x25043000, 0x45200000)
   the space 173004K, 100% used [0x1a750000, 0x25043000, 0x25043000, 0x25043000)
 Metaspace       used 3642K, capacity 3662K, committed 3776K, reserved 4480K
}
Event: 4.264 GC heap before
{Heap before GC invocations=51 (full 7):
 def new generation   total 77888K, used 69248K [0x05200000, 0x0a680000, 0x1a750000)
  eden space 69248K, 100% used [0x05200000, 0x095a0000, 0x095a0000)
  from space 8640K,   0% used [0x095a0000, 0x095a0000, 0x09e10000)
  to   space 8640K,   0% used [0x09e10000, 0x09e10000, 0x0a680000)
 tenured generation   total 173004K, used 173004K [0x1a750000, 0x25043000, 0x45200000)
   the space 173004K, 100% used [0x1a750000, 0x25043000, 0x25043000, 0x25043000)
 Metaspace       used 3642K, capacity 3662K, committed 3776K, reserved 4480K

Deoptimization events (0 events):
No events

Internal exceptions (5 events):
Event: 0.057 Thread 0x009dd400 Exception <a 'java/lang/NoSuchMethodError': Method sun.misc.Unsafe.defineClass(Ljava/lang/String;[BII)Ljava/lang/Class; name or signature does not match> (0x05206e68) thrown at [C:\re\workspace\8-2-build-windows-i586-cygwin\jdk8u112\7884\hotspot\src\share
Event: 0.057 Thread 0x009dd400 Exception <a 'java/lang/NoSuchMethodError': Method sun.misc.Unsafe.prefetchRead(Ljava/lang/Object;J)V name or signature does not match> (0x05207138) thrown at [C:\re\workspace\8-2-build-windows-i586-cygwin\jdk8u112\7884\hotspot\src\share\vm\prims\jni.cpp,
Event: 0.702 Thread 0x009dd400 Exception <a 'java/lang/ArrayIndexOutOfBoundsException': 18> (0x05706448) thrown at [C:\re\workspace\8-2-build-windows-i586-cygwin\jdk8u112\7884\hotspot\src\share\vm\interpreter\interpreterRuntime.cpp, line 366]
Event: 0.702 Thread 0x009dd400 Exception <a 'java/lang/ArrayIndexOutOfBoundsException': 145> (0x05707ce8) thrown at [C:\re\workspace\8-2-build-windows-i586-cygwin\jdk8u112\7884\hotspot\src\share\vm\interpreter\interpreterRuntime.cpp, line 366]
Event: 0.703 Thread 0x009dd400 Exception <a 'java/lang/ArrayIndexOutOfBoundsException': 40> (0x05708dc8) thrown at [C:\re\workspace\8-2-build-windows-i586-cygwin\jdk8u112\7884\hotspot\src\share\vm\interpreter\interpreterRuntime.cpp, line 366]

Events (10 events):
Event: 4.259 Executing VM operation: RevokeBias done
Event: 4.260 Executing VM operation: RevokeBias
Event: 4.260 Executing VM operation: RevokeBias done
Event: 4.261 Executing VM operation: RevokeBias
Event: 4.261 Executing VM operation: RevokeBias done
Event: 4.262 Executing VM operation: RevokeBias
Event: 4.262 Executing VM operation: RevokeBias done
Event: 4.262 Executing VM operation: RevokeBias
Event: 4.262 Executing VM operation: RevokeBias done
Event: 4.264 Executing VM operation: GenCollectForAllocation


Dynamic libraries:
0x00110000 - 0x00143000 	C:\Program Files (x86)\Java\jdk1.8.0_112\bin\java.exe
0x771b0000 - 0x7734c000 	C:\WINDOWS\SYSTEM32\ntdll.dll
0x76000000 - 0x760e0000 	C:\WINDOWS\System32\KERNEL32.DLL
0x75350000 - 0x7554a000 	C:\WINDOWS\System32\KERNELBASE.dll
0x74770000 - 0x7480c000 	C:\WINDOWS\SYSTEM32\apphelp.dll
0x762c0000 - 0x7633e000 	C:\WINDOWS\System32\ADVAPI32.dll
0x76200000 - 0x762c0000 	C:\WINDOWS\System32\msvcrt.dll
0x75010000 - 0x75089000 	C:\WINDOWS\System32\sechost.dll
0x76680000 - 0x7673f000 	C:\WINDOWS\System32\RPCRT4.dll
0x74820000 - 0x74840000 	C:\WINDOWS\System32\SspiCli.dll
0x74810000 - 0x7481a000 	C:\WINDOWS\System32\CRYPTBASE.dll
0x74fa0000 - 0x75002000 	C:\WINDOWS\System32\bcryptPrimitives.dll
0x76830000 - 0x769c9000 	C:\WINDOWS\System32\USER32.dll
0x76fe0000 - 0x76ff7000 	C:\WINDOWS\System32\win32u.dll
0x765f0000 - 0x76613000 	C:\WINDOWS\System32\GDI32.dll
0x751e0000 - 0x75347000 	C:\WINDOWS\System32\gdi32full.dll
0x74db0000 - 0x74e30000 	C:\WINDOWS\System32\msvcp_win.dll
0x75090000 - 0x751b2000 	C:\WINDOWS\System32\ucrtbase.dll
0x6c910000 - 0x6cb1f000 	C:\WINDOWS\WinSxS\x86_microsoft.windows.common-controls_6595b64144ccf1df_6.0.17763.379_none_4d6572bf1b98bda7\COMCTL32.dll
0x76370000 - 0x765e8000 	C:\WINDOWS\System32\combase.dll
0x76340000 - 0x76365000 	C:\WINDOWS\System32\IMM32.DLL
0x78370000 - 0x7842f000 	C:\Program Files (x86)\Java\jdk1.8.0_112\jre\bin\msvcr100.dll
0x02a20000 - 0x02dee000 	C:\Program Files (x86)\Java\jdk1.8.0_112\jre\bin\client\jvm.dll
0x760e0000 - 0x760e6000 	C:\WINDOWS\System32\PSAPI.DLL
0x73170000 - 0x73194000 	C:\WINDOWS\SYSTEM32\WINMM.dll
0x72890000 - 0x72898000 	C:\WINDOWS\SYSTEM32\WSOCK32.dll
0x74530000 - 0x74538000 	C:\WINDOWS\SYSTEM32\VERSION.dll
0x76620000 - 0x7667f000 	C:\WINDOWS\System32\WS2_32.dll
0x72860000 - 0x72883000 	C:\WINDOWS\SYSTEM32\winmmbase.dll
0x76a70000 - 0x76aab000 	C:\WINDOWS\System32\cfgmgr32.dll
0x6f7b0000 - 0x6f7bc000 	C:\Program Files (x86)\Java\jdk1.8.0_112\jre\bin\verify.dll
0x6d350000 - 0x6d371000 	C:\Program Files (x86)\Java\jdk1.8.0_112\jre\bin\java.dll
0x6f910000 - 0x6f923000 	C:\Program Files (x86)\Java\jdk1.8.0_112\jre\bin\zip.dll
0x74840000 - 0x74d8e000 	C:\WINDOWS\System32\SHELL32.dll
0x76770000 - 0x767f9000 	C:\WINDOWS\System32\shcore.dll
0x755b0000 - 0x75bac000 	C:\WINDOWS\System32\windows.storage.dll
0x76740000 - 0x7675c000 	C:\WINDOWS\System32\profapi.dll
0x76100000 - 0x76154000 	C:\WINDOWS\System32\powrprof.dll
0x769d0000 - 0x76a14000 	C:\WINDOWS\System32\shlwapi.dll
0x76760000 - 0x7676f000 	C:\WINDOWS\System32\kernel.appcore.dll
0x74d90000 - 0x74da2000 	C:\WINDOWS\System32\cryptsp.dll

VM Arguments:
jvm_args: -Xmx1G 
java_command: C:\Program Files (x86)\Android\android-sdk\build-tools\26.0.3\\lib\dx.jar --dex --no-strict --output obj\Debug\81\android\bin C:\Users\bchan.AZURA\Source\Repos\UAPP\Droid\obj\Debug\81\android\bin\classes.zip C:\Program Files (x86)\Microsoft Visual Studio\2017\Enterprise\Common7\IDE\ReferenceAssemblies\Microsoft\Framework\MonoAndroid\v8.1\mono.android.jar obj\Debug\81\lp\102\jl\bin\classes.jar obj\Debug\81\lp\5\jl\formsviewgroup.jar obj\Debug\81\lp\76\jl\arch-core-common.jar obj\Debug\81\lp\77\jl\arch-lifecycle-common.jar obj\Debug\81\lp\78\jl\bin\classes.jar obj\Debug\81\lp\79\jl\bin\classes.jar obj\Debug\81\lp\8\jl\jcore-android-1.2.7.jar obj\Debug\81\lp\8\jl\jpush-android-3.2.0.jar obj\Debug\81\lp\81\jl\bin\classes.jar obj\Debug\81\lp\82\jl\bin\classes.jar obj\Debug\81\lp\83\jl\bin\classes.jar obj\Debug\81\lp\84\jl\bin\classes.jar obj\Debug\81\lp\85\jl\bin\classes.jar obj\Debug\81\lp\86\jl\bin\classes.jar obj\Debug\81\lp\87\jl\bin\classes.jar obj\Debug\81\lp\88\jl\bin\classes.jar obj\Debug\81\lp\89\jl\bin\classes.jar obj\Debug\81\lp\90\jl\bin\classes.jar obj\Debug\81\lp\91\jl\bin\classes.jar obj\Debug\81\lp\92\jl\bin\classes.jar obj\Debug\81\lp\93\jl\bin\classes.jar obj\Debug\81\lp\94\jl\bin\classes.jar obj\Debug\81\lp\95\jl\bin\classes.jar
java_class_path (initial): C:\Program Files (x86)\Android\android-sdk\build-tools\26.0.3\\lib\dx.jar
Launcher Type: SUN_STANDARD

Environment Variables:
PATH=C:\Program Files (x86)\Java\jdk1.8.0_112\bin;C:\ProgramData\DockerDesktop\version-bin;C:\Program Files\Docker\Docker\Resources\bin;C:\Program Files (x86)\Support Tools\;C:\Program Files (x86)\Common Files\Intel\Shared Files\cpp\bin\Intel64;C:\Windows\system32;C:\Windows;C:\Windows\System32\Wbem;C:\Windows\System32\WindowsPowerShell\v1.0\;C:\Program Files (x86)\NVIDIA Corporation\PhysX\Common;C:\WINDOWS\system32;C:\WINDOWS;C:\WINDOWS\System32\Wbem;C:\WINDOWS\System32\WindowsPowerShell\v1.0\;C:\Users\bchan.AZURA\.dnx\bin;C:\Program Files\Microsoft DNX\Dnvm\;C:\Program Files\Microsoft SQL Server\120\Tools\Binn\;C:\Program Files\Microsoft SQL Server\130\Tools\Binn\;C:\Program Files\dotnet\;C:\Program Files\Microsoft SQL Server\Client SDK\ODBC\110\Tools\Binn\;C:\Program Files (x86)\Microsoft SQL Server\120\Tools\Binn\ManagementStudio\;C:\Program Files (x86)\Microsoft SQL Server\120\Tools\Binn\;C:\Program Files (x86)\Microsoft SQL Server\120\DTS\Binn\;C:\Program Files\nodejs\;C:\Program Files\Git\cmd;C:\WINDOWS\System32\OpenSSH\;C:\Program Files (x86)\Microsoft SQL Server\Client SDK\ODBC\130\Tools\Binn\;C:\Program Files (x86)\Microsoft SQL Server\140\Tools\Binn\;C:\Program Files (x86)\Microsoft SQL Server\140\DTS\Binn\;C:\Program Files (x86)\Microsoft SQL Server\140\Tools\Binn\ManagementStudio\;C:\Program Files (x86)\MATLAB\MATLAB Compiler Runtime\v717\runtime\win32;C:\Program Files\Microsoft VS Code\bin;C:\Users\bchan.AZURA\AppData\Local\Microsoft\WindowsApps;C:\Users\bchan.AZURA\AppData\Roaming\npm;C:\Program Files\Microsoft VS Code\bin;C:\Users\bchan.AZURA\.dotnet\tools;C:\Users\bchan.AZURA\AppData\Local\Programs\Microsoft VS Code\bin;C:\Users\bchan.AZURA\AppData\Local\Microsoft\WindowsApps;
USERNAME=bchan
OS=Windows_NT
PROCESSOR_IDENTIFIER=Intel64 Family 6 Model 158 Stepping 10, GenuineIntel



---------------  S Y S T E M  ---------------

OS: Windows 10.0 , 64 bit Build 17763 (10.0.17763.379)

CPU:total 12 (6 cores per cpu, 2 threads per core) family 6 model 158 stepping 10, cmov, cx8, fxsr, mmx, sse, sse2, sse3, ssse3, sse4.1, sse4.2, popcnt, avx, avx2, aes, clmul, erms, rtm, 3dnowpref, lzcnt, ht, tsc, tscinvbit, bmi1, bmi2, adx

Memory: 4k page, physical 33482872k(7843404k free), swap 64566388k(180k free)

vm_info: Java HotSpot(TM) Client VM (25.112-b15) for windows-x86 JRE (1.8.0_112-b15), built on Sep 22 2016 21:03:20 by "java_re" with MS VC++ 10.0 (VS2010)

time: Wed Apr 17 14:03:39 2019
elapsed time: 4 seconds (0d 0h 0m 4s)

