#
# There is insufficient memory for the Java Runtime Environment to continue.
# Native memory allocation (malloc) failed to allocate 4092 bytes for AllocateHeap
# Possible reasons:
#   The system is out of physical RAM or swap space
#   In 32 bit mode, the process size limit was hit
# Possible solutions:
#   Reduce memory load on the system
#   Increase physical memory or swap space
#   Check if swap backing store is full
#   Use 64 bit Java on a 64 bit OS
#   Decrease Java heap size (-Xmx/-Xms)
#   Decrease number of Java threads
#   Decrease Java thread stack sizes (-Xss)
#   Set larger code cache with -XX:ReservedCodeCacheSize=
# This output file may be truncated or incomplete.
#
#  Out of Memory Error (memory/allocation.inline.hpp:61), pid=34976, tid=0x000003ac
#
# JRE version: Java(TM) SE Runtime Environment (8.0_112-b15) (build 1.8.0_112-b15)
# Java VM: Java HotSpot(TM) Client VM (25.112-b15 mixed mode windows-x86 )
# Failed to write core dump. Minidumps are not enabled by default on client versions of Windows
#

---------------  T H R E A D  ---------------

Current thread (0x035fd800):  VMThread [stack: 0x45eb0000,0x45f00000] [id=940]

Stack: [0x45eb0000,0x45f00000],  sp=0x45efee94,  free space=315k
Native frames: (J=compiled Java code, j=interpreted, Vv=VM code, C=native code)
V  [jvm.dll+0x1aa21b]
V  [jvm.dll+0x1a2a28]
V  [jvm.dll+0x947bd]
V  [jvm.dll+0x178af]
V  [jvm.dll+0xbdf0b]
V  [jvm.dll+0xd3458]
V  [jvm.dll+0xd35cd]
V  [jvm.dll+0x1b57d1]
V  [jvm.dll+0x1b59cc]
V  [jvm.dll+0x158e8a]
V  [jvm.dll+0x17a52f]
V  [jvm.dll+0x17905a]
V  [jvm.dll+0x982f0]
V  [jvm.dll+0x99601]
V  [jvm.dll+0x9b3d0]
V  [jvm.dll+0x9b839]
V  [jvm.dll+0x9a5cf]
V  [jvm.dll+0xa6872]
V  [jvm.dll+0x991d3]
V  [jvm.dll+0x931b5]
V  [jvm.dll+0x1b8bf6]
V  [jvm.dll+0x182f5b]
V  [jvm.dll+0x182371]
V  [jvm.dll+0x182787]
V  [jvm.dll+0x182982]
V  [jvm.dll+0x1c2986]
C  [msvcr100.dll+0x5c556]
C  [msvcr100.dll+0x5c600]
C  [KERNEL32.DLL+0x18484]
C  [ntdll.dll+0x62ec0]
C  [ntdll.dll+0x62e90]

VM_Operation (0x0344e2f8): GenCollectForAllocation, mode: safepoint, requested by thread 0x034fd000


---------------  P R O C E S S  ---------------

Java Threads: ( => current thread )
  0x460aac00 JavaThread "pool-2-thread-1" [_thread_blocked, id=24880, stack(0x466b0000,0x46700000)]
  0x460aa400 JavaThread "pool-1-thread-1" [_thread_blocked, id=21176, stack(0x46620000,0x46670000)]
  0x45f81c00 JavaThread "Service Thread" daemon [_thread_blocked, id=14252, stack(0x46500000,0x46550000)]
  0x45f2f800 JavaThread "C1 CompilerThread0" daemon [_thread_blocked, id=32596, stack(0x46470000,0x464c0000)]
  0x45f2e400 JavaThread "Attach Listener" daemon [_thread_blocked, id=22708, stack(0x463e0000,0x46430000)]
  0x45f2b000 JavaThread "Signal Dispatcher" daemon [_thread_blocked, id=11516, stack(0x46350000,0x463a0000)]
  0x45f1a800 JavaThread "Finalizer" daemon [_thread_blocked, id=36784, stack(0x461d0000,0x46220000)]
  0x45f04800 JavaThread "Reference Handler" daemon [_thread_blocked, id=28616, stack(0x46140000,0x46190000)]
  0x034fd000 JavaThread "main" [_thread_blocked, id=26572, stack(0x03400000,0x03450000)]

Other Threads:
=>0x035fd800 VMThread [stack: 0x45eb0000,0x45f00000] [id=940]
  0x45fe6c00 WatcherThread [stack: 0x46590000,0x465e0000] [id=29212]

VM state:at safepoint (normal execution)

VM Mutex/Monitor currently owned by a thread:  ([mutex/lock_event])
[0x034fbcb0] Threads_lock - owner thread: 0x035fd800
[0x034fbf20] Heap_lock - owner thread: 0x034fd000

Heap:
 def new generation   total 24832K, used 24832K [0x05800000, 0x072f0000, 0x1ad50000)
  eden space 22080K, 100% used [0x05800000, 0x06d90000, 0x06d90000)
  from space 2752K, 100% used [0x07040000, 0x072f0000, 0x072f0000)
  to   space 2752K,  96% used [0x06d90000, 0x07025ae8, 0x07040000)
 tenured generation   total 111164K, used 111107K [0x1ad50000, 0x219df000, 0x45800000)
   the space 111164K,  99% used [0x1ad50000, 0x219d0c88, 0x219d0e00, 0x219df000)
 Metaspace       used 3643K, capacity 3662K, committed 3776K, reserved 4480K

Card table byte_map: [0x45800000,0x45a10000] byte_map_base: 0x457d4000

Polling page: 0x016a0000

CodeCache: size=32768Kb used=3223Kb max_used=3223Kb free=29544Kb
 bounds [0x03600000, 0x03928000, 0x05600000]
 total_blobs=1649 nmethods=1500 adapters=79
 compilation: enabled

Compilation events (10 events):
Event: 2.488 Thread 0x45f2f800 1499             com.android.dx.rop.code.CstInsn::contentEquals (31 bytes)
Event: 2.488 Thread 0x45f2f800 nmethod 1499 0x03925148 code [0x03925260, 0x03925378]
Event: 2.671 Thread 0x45f2f800 1500             java.util.TreeMap::entrySet (27 bytes)
Event: 2.671 Thread 0x45f2f800 nmethod 1500 0x03925448 code [0x03925540, 0x03925620]
Event: 2.671 Thread 0x45f2f800 1501             java.util.TreeMap$EntrySet::iterator (19 bytes)
Event: 2.671 Thread 0x45f2f800 nmethod 1501 0x03925688 code [0x03925780, 0x039258b0]
Event: 2.671 Thread 0x45f2f800 1502             java.util.TreeMap$EntryIterator::<init> (12 bytes)
Event: 2.671 Thread 0x45f2f800 nmethod 1502 0x03925988 code [0x03925a80, 0x03925b50]
Event: 2.686 Thread 0x45f2f800 1503             java.util.Collections$UnmodifiableCollection::size (10 bytes)
Event: 2.686 Thread 0x45f2f800 nmethod 1503 0x03925c08 code [0x03925d10, 0x03925dac]

GC Heap History (10 events):
Event: 2.442 GC heap after
Heap after GC invocations=51 (full 8):
 def new generation   total 24832K, used 0K [0x05800000, 0x072f0000, 0x1ad50000)
  eden space 22080K,   0% used [0x05800000, 0x05800000, 0x06d90000)
  from space 2752K,   0% used [0x06d90000, 0x06d90000, 0x07040000)
  to   space 2752K,   0% used [0x07040000, 0x07040000, 0x072f0000)
 tenured generation   total 102844K, used 101361K [0x1ad50000, 0x211bf000, 0x45800000)
   the space 102844K,  98% used [0x1ad50000, 0x2104c768, 0x2104c800, 0x211bf000)
 Metaspace       used 3643K, capacity 3662K, committed 3776K, reserved 4480K
}
Event: 2.469 GC heap before
{Heap before GC invocations=51 (full 8):
 def new generation   total 24832K, used 22080K [0x05800000, 0x072f0000, 0x1ad50000)
  eden space 22080K, 100% used [0x05800000, 0x06d90000, 0x06d90000)
  from space 2752K,   0% used [0x06d90000, 0x06d90000, 0x07040000)
  to   space 2752K,   0% used [0x07040000, 0x07040000, 0x072f0000)
 tenured generation   total 102844K, used 101361K [0x1ad50000, 0x211bf000, 0x45800000)
   the space 102844K,  98% used [0x1ad50000, 0x2104c768, 0x2104c800, 0x211bf000)
 Metaspace       used 3643K, capacity 3662K, committed 3776K, reserved 4480K
Event: 2.474 GC heap after
Heap after GC invocations=52 (full 8):
 def new generation   total 24832K, used 2752K [0x05800000, 0x072f0000, 0x1ad50000)
  eden space 22080K,   0% used [0x05800000, 0x05800000, 0x06d90000)
  from space 2752K, 100% used [0x07040000, 0x072f0000, 0x072f0000)
  to   space 2752K,   0% used [0x06d90000, 0x06d90000, 0x07040000)
 tenured generation   total 102844K, used 101557K [0x1ad50000, 0x211bf000, 0x45800000)
   the space 102844K,  98% used [0x1ad50000, 0x2107d528, 0x2107d600, 0x211bf000)
 Metaspace       used 3643K, capacity 3662K, committed 3776K, reserved 4480K
}
Event: 2.506 GC heap before
{Heap before GC invocations=52 (full 8):
 def new generation   total 24832K, used 24832K [0x05800000, 0x072f0000, 0x1ad50000)
  eden space 22080K, 100% used [0x05800000, 0x06d90000, 0x06d90000)
  from space 2752K, 100% used [0x07040000, 0x072f0000, 0x072f0000)
  to   space 2752K,   0% used [0x06d90000, 0x06d90000, 0x07040000)
 tenured generation   total 102844K, used 101557K [0x1ad50000, 0x211bf000, 0x45800000)
   the space 102844K,  98% used [0x1ad50000, 0x2107d528, 0x2107d600, 0x211bf000)
 Metaspace       used 3643K, capacity 3662K, committed 3776K, reserved 4480K
Event: 2.663 GC heap after
Heap after GC invocations=53 (full 9):
 def new generation   total 24832K, used 2691K [0x05800000, 0x072f0000, 0x1ad50000)
  eden space 22080K,  12% used [0x05800000, 0x05aa0d08, 0x06d90000)
  from space 2752K,   0% used [0x06d90000, 0x06d90000, 0x07040000)
  to   space 2752K,   0% used [0x07040000, 0x07040000, 0x072f0000)
 tenured generation   total 104892K, used 104891K [0x1ad50000, 0x213bf000, 0x45800000)
   the space 104892K,  99% used [0x1ad50000, 0x213beff0, 0x213bf000, 0x213bf000)
 Metaspace       used 3643K, capacity 3662K, committed 3776K, reserved 4480K
}
Event: 2.691 GC heap before
{Heap before GC invocations=53 (full 9):
 def new generation   total 24832K, used 22080K [0x05800000, 0x072f0000, 0x1ad50000)
  eden space 22080K, 100% used [0x05800000, 0x06d90000, 0x06d90000)
  from space 2752K,   0% used [0x06d90000, 0x06d90040, 0x07040000)
  to   space 2752K,   0% used [0x07040000, 0x07040000, 0x072f0000)
 tenured generation   total 104892K, used 104891K [0x1ad50000, 0x213bf000, 0x45800000)
   the space 104892K,  99% used [0x1ad50000, 0x213beff0, 0x213bf000, 0x213bf000)
 Metaspace       used 3643K, capacity 3662K, committed 3776K, reserved 4480K
Event: 2.883 GC heap after
Heap after GC invocations=54 (full 10):
 def new generation   total 24832K, used 2637K [0x05800000, 0x072f0000, 0x1ad50000)
  eden space 22080K,  11% used [0x05800000, 0x05a93540, 0x06d90000)
  from space 2752K,   0% used [0x07040000, 0x07040000, 0x072f0000)
  to   space 2752K,   0% used [0x06d90000, 0x06d90000, 0x07040000)
 tenured generation   total 107852K, used 107852K [0x1ad50000, 0x216a3000, 0x45800000)
   the space 107852K, 100% used [0x1ad50000, 0x216a3000, 0x216a3000, 0x216a3000)
 Metaspace       used 3643K, capacity 3662K, committed 3776K, reserved 4480K
}
Event: 2.883 GC heap before
{Heap before GC invocations=54 (full 10):
 def new generation   total 24832K, used 2821K [0x05800000, 0x072f0000, 0x1ad50000)
  eden space 22080K,  12% used [0x05800000, 0x05ac1410, 0x06d90000)
  from space 2752K,   0% used [0x07040000, 0x07040000, 0x072f0000)
  to   space 2752K,   0% used [0x06d90000, 0x06d90000, 0x07040000)
 tenured generation   total 107852K, used 107852K [0x1ad50000, 0x216a3000, 0x45800000)
   the space 107852K, 100% used [0x1ad50000, 0x216a3000, 0x216a3000, 0x216a3000)
 Metaspace       used 3643K, capacity 3662K, committed 3776K, reserved 4480K
Event: 2.918 GC heap after
Heap after GC invocations=55 (full 10):
 def new generation   total 24832K, used 2646K [0x05800000, 0x072f0000, 0x1ad50000)
  eden space 22080K,   0% used [0x05800000, 0x05800000, 0x06d90000)
  from space 2752K,  96% used [0x06d90000, 0x07025ae8, 0x07040000)
  to   space 2752K,   0% used [0x07040000, 0x07040000, 0x072f0000)
 tenured generation   total 107980K, used 107852K [0x1ad50000, 0x216c3000, 0x45800000)
   the space 107980K,  99% used [0x1ad50000, 0x216a3030, 0x216a3200, 0x216c3000)
 Metaspace       used 3643K, capacity 3662K, committed 3776K, reserved 4480K
}
Event: 2.943 GC heap before
{Heap before GC invocations=55 (full 10):
 def new generation   total 24832K, used 24726K [0x05800000, 0x072f0000, 0x1ad50000)
  eden space 22080K, 100% used [0x05800000, 0x06d90000, 0x06d90000)
  from space 2752K,  96% used [0x06d90000, 0x07025ae8, 0x07040000)
  to   space 2752K,   0% used [0x07040000, 0x07040000, 0x072f0000)
 tenured generation   total 107980K, used 107852K [0x1ad50000, 0x216c3000, 0x45800000)
   the space 107980K,  99% used [0x1ad50000, 0x216a3030, 0x216a3200, 0x216c3000)
 Metaspace       used 3643K, capacity 3662K, committed 3776K, reserved 4480K

Deoptimization events (0 events):
No events

Internal exceptions (5 events):
Event: 0.035 Thread 0x034fd000 Exception <a 'java/lang/NoSuchMethodError': Method sun.misc.Unsafe.defineClass(Ljava/lang/String;[BII)Ljava/lang/Class; name or signature does not match> (0x05806e68) thrown at [C:\re\workspace\8-2-build-windows-i586-cygwin\jdk8u112\7884\hotspot\src\share
Event: 0.035 Thread 0x034fd000 Exception <a 'java/lang/NoSuchMethodError': Method sun.misc.Unsafe.prefetchRead(Ljava/lang/Object;J)V name or signature does not match> (0x05807138) thrown at [C:\re\workspace\8-2-build-windows-i586-cygwin\jdk8u112\7884\hotspot\src\share\vm\prims\jni.cpp,
Event: 0.995 Thread 0x034fd000 Exception <a 'java/lang/ArrayIndexOutOfBoundsException': 18> (0x0667c768) thrown at [C:\re\workspace\8-2-build-windows-i586-cygwin\jdk8u112\7884\hotspot\src\share\vm\interpreter\interpreterRuntime.cpp, line 366]
Event: 0.996 Thread 0x034fd000 Exception <a 'java/lang/ArrayIndexOutOfBoundsException': 145> (0x0667e008) thrown at [C:\re\workspace\8-2-build-windows-i586-cygwin\jdk8u112\7884\hotspot\src\share\vm\interpreter\interpreterRuntime.cpp, line 366]
Event: 0.996 Thread 0x034fd000 Exception <a 'java/lang/ArrayIndexOutOfBoundsException': 40> (0x0667f0e8) thrown at [C:\re\workspace\8-2-build-windows-i586-cygwin\jdk8u112\7884\hotspot\src\share\vm\interpreter\interpreterRuntime.cpp, line 366]

Events (10 events):
Event: 2.474 Executing VM operation: GenCollectForAllocation done
Event: 2.506 Executing VM operation: GenCollectForAllocation
Event: 2.663 Executing VM operation: GenCollectForAllocation done
Event: 2.690 Executing VM operation: GenCollectForAllocation
Event: 2.690 Executing VM operation: GenCollectForAllocation done
Event: 2.691 Executing VM operation: GenCollectForAllocation
Event: 2.883 Executing VM operation: GenCollectForAllocation done
Event: 2.883 Executing VM operation: GenCollectFull
Event: 2.918 Executing VM operation: GenCollectFull done
Event: 2.943 Executing VM operation: GenCollectForAllocation


Dynamic libraries:
0x00f40000 - 0x00f73000 	C:\Program Files (x86)\Java\jdk1.8.0_112\bin\java.exe
0x77da0000 - 0x77f30000 	C:\WINDOWS\SYSTEM32\ntdll.dll
0x76c00000 - 0x76ce0000 	C:\WINDOWS\System32\KERNEL32.DLL
0x76250000 - 0x76433000 	C:\WINDOWS\System32\KERNELBASE.dll
0x74550000 - 0x745ed000 	C:\WINDOWS\SYSTEM32\apphelp.dll
0x76d00000 - 0x76d78000 	C:\WINDOWS\System32\ADVAPI32.dll
0x77a90000 - 0x77b4f000 	C:\WINDOWS\System32\msvcrt.dll
0x77950000 - 0x77994000 	C:\WINDOWS\System32\sechost.dll
0x779d0000 - 0x77a90000 	C:\WINDOWS\System32\RPCRT4.dll
0x74660000 - 0x74680000 	C:\WINDOWS\System32\SspiCli.dll
0x74650000 - 0x7465a000 	C:\WINDOWS\System32\CRYPTBASE.dll
0x76e40000 - 0x76e98000 	C:\WINDOWS\System32\bcryptPrimitives.dll
0x74c40000 - 0x74dcd000 	C:\WINDOWS\System32\USER32.dll
0x74dd0000 - 0x74de7000 	C:\WINDOWS\System32\win32u.dll
0x77520000 - 0x77542000 	C:\WINDOWS\System32\GDI32.dll
0x76440000 - 0x765a4000 	C:\WINDOWS\System32\gdi32full.dll
0x74df0000 - 0x74e6d000 	C:\WINDOWS\System32\msvcp_win.dll
0x765b0000 - 0x766ce000 	C:\WINDOWS\System32\ucrtbase.dll
0x70130000 - 0x70334000 	C:\WINDOWS\WinSxS\x86_microsoft.windows.common-controls_6595b64144ccf1df_6.0.17134.1_none_2c87ca0024d60201\COMCTL32.dll
0x76800000 - 0x76a5c000 	C:\WINDOWS\System32\combase.dll
0x76a60000 - 0x76a86000 	C:\WINDOWS\System32\IMM32.DLL
0x032c0000 - 0x0337f000 	C:\Program Files (x86)\Java\jdk1.8.0_112\jre\bin\msvcr100.dll
0x6cd40000 - 0x6d10e000 	C:\Program Files (x86)\Java\jdk1.8.0_112\jre\bin\client\jvm.dll
0x77ca0000 - 0x77ca6000 	C:\WINDOWS\System32\PSAPI.DLL
0x73390000 - 0x73398000 	C:\WINDOWS\SYSTEM32\WSOCK32.dll
0x73770000 - 0x73794000 	C:\WINDOWS\SYSTEM32\WINMM.dll
0x73d20000 - 0x73d28000 	C:\WINDOWS\SYSTEM32\VERSION.dll
0x774b0000 - 0x77517000 	C:\WINDOWS\System32\WS2_32.dll
0x73330000 - 0x73353000 	C:\WINDOWS\SYSTEM32\WINMMBASE.dll
0x77470000 - 0x774a9000 	C:\WINDOWS\System32\cfgmgr32.dll
0x6fa90000 - 0x6fa9c000 	C:\Program Files (x86)\Java\jdk1.8.0_112\jre\bin\verify.dll
0x6d6c0000 - 0x6d6e1000 	C:\Program Files (x86)\Java\jdk1.8.0_112\jre\bin\java.dll
0x704a0000 - 0x704b3000 	C:\Program Files (x86)\Java\jdk1.8.0_112\jre\bin\zip.dll
0x74e70000 - 0x761ba000 	C:\WINDOWS\System32\SHELL32.dll
0x766d0000 - 0x76759000 	C:\WINDOWS\System32\shcore.dll
0x74680000 - 0x74c3a000 	C:\WINDOWS\System32\windows.storage.dll
0x77820000 - 0x77865000 	C:\WINDOWS\System32\shlwapi.dll
0x77810000 - 0x7781f000 	C:\WINDOWS\System32\kernel.appcore.dll
0x779a0000 - 0x779b8000 	C:\WINDOWS\System32\profapi.dll
0x76d80000 - 0x76dc5000 	C:\WINDOWS\System32\powrprof.dll
0x779c0000 - 0x779c8000 	C:\WINDOWS\System32\FLTLIB.DLL
0x73b10000 - 0x73c92000 	C:\WINDOWS\SYSTEM32\dbghelp.dll

VM Arguments:
jvm_args: -Xmx1G 
java_command: C:\Program Files (x86)\Android\android-sdk\build-tools\26.0.3\\lib\dx.jar --dex --no-strict --output obj\Debug\android\bin C:\Users\bchan.AZURA\Source\Repos\AepApp.Xamarin.Forms3\Droid\obj\Debug\android\bin\classes.zip C:\Program Files (x86)\Microsoft Visual Studio\2017\Enterprise\Common7\IDE\ReferenceAssemblies\Microsoft\Framework\MonoAndroid\v8.0\mono.android.jar obj\Debug\lp\1\jl\formsviewgroup.jar obj\Debug\lp\21\jl\bin\classes.jar obj\Debug\lp\23\jl\bin\classes.jar obj\Debug\lp\24\jl\bin\classes.jar obj\Debug\lp\25\jl\bin\classes.jar obj\Debug\lp\26\jl\bin\classes.jar obj\Debug\lp\27\jl\bin\classes.jar obj\Debug\lp\28\jl\bin\classes.jar obj\Debug\lp\29\jl\bin\classes.jar obj\Debug\lp\30\jl\bin\classes.jar obj\Debug\lp\31\jl\bin\classes.jar obj\Debug\lp\32\jl\bin\classes.jar obj\Debug\lp\33\jl\bin\classes.jar obj\Debug\lp\34\jl\bin\classes.jar obj\Debug\lp\35\jl\bin\classes.jar obj\Debug\lp\36\jl\bin\classes.jar obj\Debug\lp\37\jl\bin\classes.jar
java_class_path (initial): C:\Program Files (x86)\Android\android-sdk\build-tools\26.0.3\\lib\dx.jar
Launcher Type: SUN_STANDARD

Environment Variables:
PATH=C:\Program Files (x86)\Java\jdk1.8.0_112\bin;C:\Windows\system32;C:\Windows;C:\Windows\System32\Wbem;C:\Windows\System32\WindowsPowerShell\v1.0\;C:\Program Files (x86)\NVIDIA Corporation\PhysX\Common;C:\WINDOWS\system32;C:\WINDOWS;C:\WINDOWS\System32\Wbem;C:\WINDOWS\System32\WindowsPowerShell\v1.0\;C:\Users\bchan.AZURA\.dnx\bin;C:\Program Files\Microsoft DNX\Dnvm\;C:\Program Files\Microsoft SQL Server\120\Tools\Binn\;C:\Program Files\Microsoft SQL Server\130\Tools\Binn\;C:\Program Files\dotnet\;C:\Program Files\Microsoft SQL Server\Client SDK\ODBC\110\Tools\Binn\;C:\Program Files (x86)\Microsoft SQL Server\120\Tools\Binn\ManagementStudio\;C:\Program Files (x86)\Microsoft SQL Server\120\Tools\Binn\;C:\Program Files (x86)\Microsoft SQL Server\120\DTS\Binn\;C:\Program Files\nodejs\;C:\Program Files\Git\cmd;C:\WINDOWS\System32\OpenSSH\;C:\Users\bchan.AZURA\AppData\Local\Microsoft\WindowsApps;C:\Users\bchan.AZURA\AppData\Roaming\npm;C:\Program Files\Microsoft VS Code\bin;
USERNAME=bchan
OS=Windows_NT
PROCESSOR_IDENTIFIER=Intel64 Family 6 Model 158 Stepping 10, GenuineIntel



---------------  S Y S T E M  ---------------

OS: Windows 10.0 , 64 bit Build 17134 (10.0.17134.1)

CPU:total 12 (6 cores per cpu, 2 threads per core) family 6 model 158 stepping 10, cmov, cx8, fxsr, mmx, sse, sse2, sse3, ssse3, sse4.1, sse4.2, popcnt, avx, avx2, aes, clmul, erms, rtm, 3dnowpref, lzcnt, ht, tsc, tscinvbit, bmi1, bmi2, adx

Memory: 4k page, physical 16705656k(751624k free), swap 47789172k(364k free)

vm_info: Java HotSpot(TM) Client VM (25.112-b15) for windows-x86 JRE (1.8.0_112-b15), built on Sep 22 2016 21:03:20 by "java_re" with MS VC++ 10.0 (VS2010)

time: Wed May 09 17:14:29 2018
elapsed time: 3 seconds (0d 0h 0m 3s)

